# JRE version: OpenJDK Runtime Environment (8.0_212-b01) (build 1.8.0_212-8u212-b01-1~deb9u1-b01)
# Java VM: OpenJDK 64-Bit Server VM (25.212-b01 mixed mode linux-amd64 compressed oops)
Heap:
 PSYoungGen      total 74240K, used 56030K [0x000000076df00000, 0x0000000777000000, 0x00000007c0000000)
  eden space 64000K, 87% used [0x000000076df00000,0x00000007715b7838,0x0000000771d80000)
  from space 10240K, 0% used [0x0000000771d80000,0x0000000771d80000,0x0000000772780000)
  to   space 10240K, 0% used [0x0000000776600000,0x0000000776600000,0x0000000777000000)
 ParOldGen       total 80384K, used 7596K [0x00000006c9c00000, 0x00000006cea80000, 0x000000076df00000)
  object space 80384K, 9% used [0x00000006c9c00000,0x00000006ca36b268,0x00000006cea80000)
 Metaspace       used 24643K, capacity 26190K, committed 26288K, reserved 1073152K
  class space    used 3149K, capacity 3449K, committed 3504K, reserved 1048576K
GC Heap History (8 events):
Event: 0.833 GC heap before
{Heap before GC invocations=1 (full 0):
 PSYoungGen      total 74240K, used 64000K [0x000000076df00000, 0x0000000773180000, 0x00000007c0000000)
  eden space 64000K, 100% used [0x000000076df00000,0x0000000771d80000,0x0000000771d80000)
  from space 10240K, 0% used [0x0000000772780000,0x0000000772780000,0x0000000773180000)
  to   space 10240K, 0% used [0x0000000771d80000,0x0000000771d80000,0x0000000772780000)
 ParOldGen       total 169472K, used 0K [0x00000006c9c00000, 0x00000006d4180000, 0x000000076df00000)
  object space 169472K, 0% used [0x00000006c9c00000,0x00000006c9c00000,0x00000006d4180000)
 Metaspace       used 12750K, capacity 13348K, committed 13568K, reserved 1060864K
  class space    used 1584K, capacity 1732K, committed 1792K, reserved 1048576K
Event: 0.839 GC heap after
Heap after GC invocations=1 (full 0):
 PSYoungGen      total 74240K, used 6352K [0x000000076df00000, 0x0000000773180000, 0x00000007c0000000)
  eden space 64000K, 0% used [0x000000076df00000,0x000000076df00000,0x0000000771d80000)
  from space 10240K, 62% used [0x0000000771d80000,0x00000007723b4198,0x0000000772780000)
  to   space 10240K, 0% used [0x0000000772780000,0x0000000772780000,0x0000000773180000)
 ParOldGen       total 169472K, used 16K [0x00000006c9c00000, 0x00000006d4180000, 0x000000076df00000)
  object space 169472K, 0% used [0x00000006c9c00000,0x00000006c9c04000,0x00000006d4180000)
 Metaspace       used 12750K, capacity 13348K, committed 13568K, reserved 1060864K
  class space    used 1584K, capacity 1732K, committed 1792K, reserved 1048576K
}
Event: 1.187 GC heap before
{Heap before GC invocations=2 (full 0):
 PSYoungGen      total 74240K, used 70352K [0x000000076df00000, 0x0000000773180000, 0x00000007c0000000)
  eden space 64000K, 100% used [0x000000076df00000,0x0000000771d80000,0x0000000771d80000)
  from space 10240K, 62% used [0x0000000771d80000,0x00000007723b4198,0x0000000772780000)
  to   space 10240K, 0% used [0x0000000772780000,0x0000000772780000,0x0000000773180000)
 ParOldGen       total 169472K, used 16K [0x00000006c9c00000, 0x00000006d4180000, 0x000000076df00000)
  object space 169472K, 0% used [0x00000006c9c00000,0x00000006c9c04000,0x00000006d4180000)
 Metaspace       used 18354K, capacity 19184K, committed 19456K, reserved 1067008K
  class space    used 2318K, capacity 2504K, committed 2560K, reserved 1048576K
Event: 1.205 GC heap after
Heap after GC invocations=2 (full 0):
 PSYoungGen      total 74240K, used 9874K [0x000000076df00000, 0x0000000777000000, 0x00000007c0000000)
  eden space 64000K, 0% used [0x000000076df00000,0x000000076df00000,0x0000000771d80000)
  from space 10240K, 96% used [0x0000000772780000,0x00000007731249f8,0x0000000773180000)
  to   space 10240K, 0% used [0x0000000771d80000,0x0000000771d80000,0x0000000772780000)
 ParOldGen       total 169472K, used 24K [0x00000006c9c00000, 0x00000006d4180000, 0x000000076df00000)
  object space 169472K, 0% used [0x00000006c9c00000,0x00000006c9c06000,0x00000006d4180000)
 Metaspace       used 18354K, capacity 19184K, committed 19456K, reserved 1067008K
  class space    used 2318K, capacity 2504K, committed 2560K, reserved 1048576K
}
Event: 11.512 GC heap before
{Heap before GC invocations=3 (full 0):
 PSYoungGen      total 74240K, used 48414K [0x000000076df00000, 0x0000000777000000, 0x00000007c0000000)
  eden space 64000K, 60% used [0x000000076df00000,0x00000007704a2e78,0x0000000771d80000)
  from space 10240K, 96% used [0x0000000772780000,0x00000007731249f8,0x0000000773180000)
  to   space 10240K, 0% used [0x0000000771d80000,0x0000000771d80000,0x0000000772780000)
 ParOldGen       total 169472K, used 24K [0x00000006c9c00000, 0x00000006d4180000, 0x000000076df00000)
  object space 169472K, 0% used [0x00000006c9c00000,0x00000006c9c06000,0x00000006d4180000)
 Metaspace       used 20184K, capacity 21240K, committed 21296K, reserved 1067008K
  class space    used 2590K, capacity 2854K, committed 2864K, reserved 1048576K
Event: 11.517 GC heap after
Heap after GC invocations=3 (full 0):
 PSYoungGen      total 74240K, used 7927K [0x000000076df00000, 0x0000000777000000, 0x00000007c0000000)
  eden space 64000K, 0% used [0x000000076df00000,0x000000076df00000,0x0000000771d80000)
  from space 10240K, 77% used [0x0000000771d80000,0x000000077253dc08,0x0000000772780000)
  to   space 10240K, 0% used [0x0000000776600000,0x0000000776600000,0x0000000777000000)
 ParOldGen       total 169472K, used 40K [0x00000006c9c00000, 0x00000006d4180000, 0x000000076df00000)
  object space 169472K, 0% used [0x00000006c9c00000,0x00000006c9c0a000,0x00000006d4180000)
 Metaspace       used 20184K, capacity 21240K, committed 21296K, reserved 1067008K
  class space    used 2590K, capacity 2854K, committed 2864K, reserved 1048576K
}
Event: 11.517 GC heap before
{Heap before GC invocations=4 (full 1):
 PSYoungGen      total 74240K, used 7927K [0x000000076df00000, 0x0000000777000000, 0x00000007c0000000)
  eden space 64000K, 0% used [0x000000076df00000,0x000000076df00000,0x0000000771d80000)
  from space 10240K, 77% used [0x0000000771d80000,0x000000077253dc08,0x0000000772780000)
  to   space 10240K, 0% used [0x0000000776600000,0x0000000776600000,0x0000000777000000)
 ParOldGen       total 169472K, used 40K [0x00000006c9c00000, 0x00000006d4180000, 0x000000076df00000)
  object space 169472K, 0% used [0x00000006c9c00000,0x00000006c9c0a000,0x00000006d4180000)
 Metaspace       used 20184K, capacity 21240K, committed 21296K, reserved 1067008K
  class space    used 2590K, capacity 2854K, committed 2864K, reserved 1048576K
Event: 11.551 GC heap after
Heap after GC invocations=4 (full 1):
 PSYoungGen      total 74240K, used 0K [0x000000076df00000, 0x0000000777000000, 0x00000007c0000000)
  eden space 64000K, 0% used [0x000000076df00000,0x000000076df00000,0x0000000771d80000)
  from space 10240K, 0% used [0x0000000771d80000,0x0000000771d80000,0x0000000772780000)
  to   space 10240K, 0% used [0x0000000776600000,0x0000000776600000,0x0000000777000000)
 ParOldGen       total 80384K, used 7596K [0x00000006c9c00000, 0x00000006cea80000, 0x000000076df00000)
  object space 80384K, 9% used [0x00000006c9c00000,0x00000006ca36b268,0x00000006cea80000)
 Metaspace       used 20184K, capacity 21240K, committed 21296K, reserved 1067008K
  class space    used 2590K, capacity 2854K, committed 2864K, reserved 1048576K
}

