# JRE version: OpenJDK Runtime Environment (8.0_212-b01) (build 1.8.0_212-8u212-b01-1~deb9u1-b01)
# Java VM: OpenJDK 64-Bit Server VM (25.212-b01 mixed mode linux-amd64 compressed oops)
Heap:
 PSYoungGen      total 120832K, used 9552K [0x000000076df00000, 0x0000000776c80000, 0x00000007c0000000)
  eden space 114176K, 2% used [0x000000076df00000,0x000000076e1d8948,0x0000000774e80000)
  from space 6656K, 99% used [0x0000000776600000,0x0000000776c7bab0,0x0000000776c80000)
  to   space 10240K, 0% used [0x0000000775880000,0x0000000775880000,0x0000000776280000)
 ParOldGen       total 85504K, used 7141K [0x00000006c9c00000, 0x00000006cef80000, 0x000000076df00000)
  object space 85504K, 8% used [0x00000006c9c00000,0x00000006ca2f9688,0x00000006cef80000)
 Metaspace       used 25065K, capacity 26712K, committed 26880K, reserved 1073152K
  class space    used 3209K, capacity 3536K, committed 3584K, reserved 1048576K
GC Heap History (10 events):
Event: 1.916 GC heap before
{Heap before GC invocations=1 (full 0):
 PSYoungGen      total 74240K, used 64000K [0x000000076df00000, 0x0000000773180000, 0x00000007c0000000)
  eden space 64000K, 100% used [0x000000076df00000,0x0000000771d80000,0x0000000771d80000)
  from space 10240K, 0% used [0x0000000772780000,0x0000000772780000,0x0000000773180000)
  to   space 10240K, 0% used [0x0000000771d80000,0x0000000771d80000,0x0000000772780000)
 ParOldGen       total 169472K, used 0K [0x00000006c9c00000, 0x00000006d4180000, 0x000000076df00000)
  object space 169472K, 0% used [0x00000006c9c00000,0x00000006c9c00000,0x00000006d4180000)
 Metaspace       used 12754K, capacity 13348K, committed 13568K, reserved 1060864K
  class space    used 1582K, capacity 1732K, committed 1792K, reserved 1048576K
Event: 1.928 GC heap after
Heap after GC invocations=1 (full 0):
 PSYoungGen      total 74240K, used 6312K [0x000000076df00000, 0x0000000773180000, 0x00000007c0000000)
  eden space 64000K, 0% used [0x000000076df00000,0x000000076df00000,0x0000000771d80000)
  from space 10240K, 61% used [0x0000000771d80000,0x00000007723aa240,0x0000000772780000)
  to   space 10240K, 0% used [0x0000000772780000,0x0000000772780000,0x0000000773180000)
 ParOldGen       total 169472K, used 16K [0x00000006c9c00000, 0x00000006d4180000, 0x000000076df00000)
  object space 169472K, 0% used [0x00000006c9c00000,0x00000006c9c04000,0x00000006d4180000)
 Metaspace       used 12754K, capacity 13348K, committed 13568K, reserved 1060864K
  class space    used 1582K, capacity 1732K, committed 1792K, reserved 1048576K
}
Event: 2.341 GC heap before
{Heap before GC invocations=2 (full 0):
 PSYoungGen      total 74240K, used 70312K [0x000000076df00000, 0x0000000773180000, 0x00000007c0000000)
  eden space 64000K, 100% used [0x000000076df00000,0x0000000771d80000,0x0000000771d80000)
  from space 10240K, 61% used [0x0000000771d80000,0x00000007723aa240,0x0000000772780000)
  to   space 10240K, 0% used [0x0000000772780000,0x0000000772780000,0x0000000773180000)
 ParOldGen       total 169472K, used 16K [0x00000006c9c00000, 0x00000006d4180000, 0x000000076df00000)
  object space 169472K, 0% used [0x00000006c9c00000,0x00000006c9c04000,0x00000006d4180000)
 Metaspace       used 18786K, capacity 19676K, committed 19840K, reserved 1067008K
  class space    used 2362K, capacity 2582K, committed 2688K, reserved 1048576K
Event: 2.351 GC heap after
Heap after GC invocations=2 (full 0):
 PSYoungGen      total 74240K, used 9475K [0x000000076df00000, 0x0000000777000000, 0x00000007c0000000)
  eden space 64000K, 0% used [0x000000076df00000,0x000000076df00000,0x0000000771d80000)
  from space 10240K, 92% used [0x0000000772780000,0x00000007730c0da8,0x0000000773180000)
  to   space 10240K, 0% used [0x0000000771d80000,0x0000000771d80000,0x0000000772780000)
 ParOldGen       total 169472K, used 24K [0x00000006c9c00000, 0x00000006d4180000, 0x000000076df00000)
  object space 169472K, 0% used [0x00000006c9c00000,0x00000006c9c06000,0x00000006d4180000)
 Metaspace       used 18786K, capacity 19676K, committed 19840K, reserved 1067008K
  class space    used 2362K, capacity 2582K, committed 2688K, reserved 1048576K
}
Event: 9.148 GC heap before
{Heap before GC invocations=3 (full 0):
 PSYoungGen      total 74240K, used 44007K [0x000000076df00000, 0x0000000777000000, 0x00000007c0000000)
  eden space 64000K, 53% used [0x000000076df00000,0x00000007700b8fa8,0x0000000771d80000)
  from space 10240K, 92% used [0x0000000772780000,0x00000007730c0da8,0x0000000773180000)
  to   space 10240K, 0% used [0x0000000771d80000,0x0000000771d80000,0x0000000772780000)
 ParOldGen       total 169472K, used 24K [0x00000006c9c00000, 0x00000006d4180000, 0x000000076df00000)
  object space 169472K, 0% used [0x00000006c9c00000,0x00000006c9c06000,0x00000006d4180000)
 Metaspace       used 20239K, capacity 21254K, committed 21296K, reserved 1069056K
  class space    used 2575K, capacity 2803K, committed 2816K, reserved 1048576K
Event: 9.156 GC heap after
Heap after GC invocations=3 (full 0):
 PSYoungGen      total 74240K, used 7447K [0x000000076df00000, 0x0000000777000000, 0x00000007c0000000)
  eden space 64000K, 0% used [0x000000076df00000,0x000000076df00000,0x0000000771d80000)
  from space 10240K, 72% used [0x0000000771d80000,0x00000007724c5c20,0x0000000772780000)
  to   space 10240K, 0% used [0x0000000776600000,0x0000000776600000,0x0000000777000000)
 ParOldGen       total 169472K, used 32K [0x00000006c9c00000, 0x00000006d4180000, 0x000000076df00000)
  object space 169472K, 0% used [0x00000006c9c00000,0x00000006c9c08000,0x00000006d4180000)
 Metaspace       used 20239K, capacity 21254K, committed 21296K, reserved 1069056K
  class space    used 2575K, capacity 2803K, committed 2816K, reserved 1048576K
}
Event: 9.156 GC heap before
{Heap before GC invocations=4 (full 1):
 PSYoungGen      total 74240K, used 7447K [0x000000076df00000, 0x0000000777000000, 0x00000007c0000000)
  eden space 64000K, 0% used [0x000000076df00000,0x000000076df00000,0x0000000771d80000)
  from space 10240K, 72% used [0x0000000771d80000,0x00000007724c5c20,0x0000000772780000)
  to   space 10240K, 0% used [0x0000000776600000,0x0000000776600000,0x0000000777000000)
 ParOldGen       total 169472K, used 32K [0x00000006c9c00000, 0x00000006d4180000, 0x000000076df00000)
  object space 169472K, 0% used [0x00000006c9c00000,0x00000006c9c08000,0x00000006d4180000)
 Metaspace       used 20239K, capacity 21254K, committed 21296K, reserved 1069056K
  class space    used 2575K, capacity 2803K, committed 2816K, reserved 1048576K
Event: 9.185 GC heap after
Heap after GC invocations=4 (full 1):
 PSYoungGen      total 74240K, used 0K [0x000000076df00000, 0x0000000777000000, 0x00000007c0000000)
  eden space 64000K, 0% used [0x000000076df00000,0x000000076df00000,0x0000000771d80000)
  from space 10240K, 0% used [0x0000000771d80000,0x0000000771d80000,0x0000000772780000)
  to   space 10240K, 0% used [0x0000000776600000,0x0000000776600000,0x0000000777000000)
 ParOldGen       total 85504K, used 7133K [0x00000006c9c00000, 0x00000006cef80000, 0x000000076df00000)
  object space 85504K, 8% used [0x00000006c9c00000,0x00000006ca2f7688,0x00000006cef80000)
 Metaspace       used 20239K, capacity 21254K, committed 21296K, reserved 1069056K
  class space    used 2575K, capacity 2803K, committed 2816K, reserved 1048576K
}
Event: 9.557 GC heap before
{Heap before GC invocations=5 (full 1):
 PSYoungGen      total 74240K, used 64000K [0x000000076df00000, 0x0000000777000000, 0x00000007c0000000)
  eden space 64000K, 100% used [0x000000076df00000,0x0000000771d80000,0x0000000771d80000)
  from space 10240K, 0% used [0x0000000771d80000,0x0000000771d80000,0x0000000772780000)
  to   space 10240K, 0% used [0x0000000776600000,0x0000000776600000,0x0000000777000000)
 ParOldGen       total 85504K, used 7133K [0x00000006c9c00000, 0x00000006cef80000, 0x000000076df00000)
  object space 85504K, 8% used [0x00000006c9c00000,0x00000006ca2f7688,0x00000006cef80000)
 Metaspace       used 24992K, capacity 26616K, committed 26880K, reserved 1073152K
  class space    used 3194K, capacity 3504K, committed 3584K, reserved 1048576K
Event: 9.562 GC heap after
Heap after GC invocations=5 (full 1):
 PSYoungGen      total 120832K, used 6638K [0x000000076df00000, 0x0000000776c80000, 0x00000007c0000000)
  eden space 114176K, 0% used [0x000000076df00000,0x000000076df00000,0x0000000774e80000)
  from space 6656K, 99% used [0x0000000776600000,0x0000000776c7bab0,0x0000000776c80000)
  to   space 10240K, 0% used [0x0000000775880000,0x0000000775880000,0x0000000776280000)
 ParOldGen       total 85504K, used 7141K [0x00000006c9c00000, 0x00000006cef80000, 0x000000076df00000)
  object space 85504K, 8% used [0x00000006c9c00000,0x00000006ca2f9688,0x00000006cef80000)
 Metaspace       used 24992K, capacity 26616K, committed 26880K, reserved 1073152K
  class space    used 3194K, capacity 3504K, committed 3584K, reserved 1048576K
}

