# JRE version: OpenJDK Runtime Environment (8.0_212-b01) (build 1.8.0_212-8u212-b01-1~deb9u1-b01)
# Java VM: OpenJDK 64-Bit Server VM (25.212-b01 mixed mode linux-amd64 compressed oops)
Heap:
 PSYoungGen      total 138240K, used 67790K [0x000000076df00000, 0x000000077ed00000, 0x00000007c0000000)
  eden space 128000K, 52% used [0x000000076df00000,0x00000007721338b0,0x0000000775c00000)
  from space 10240K, 0% used [0x0000000775c00000,0x0000000775c00000,0x0000000776600000)
  to   space 10240K, 0% used [0x000000077e300000,0x000000077e300000,0x000000077ed00000)
 ParOldGen       total 76800K, used 7018K [0x00000006c9c00000, 0x00000006ce700000, 0x000000076df00000)
  object space 76800K, 9% used [0x00000006c9c00000,0x00000006ca2daaf0,0x00000006ce700000)
 Metaspace       used 25069K, capacity 26704K, committed 26880K, reserved 1073152K
  class space    used 3212K, capacity 3536K, committed 3584K, reserved 1048576K
GC Heap History (8 events):
Event: 0.806 GC heap before
{Heap before GC invocations=1 (full 0):
 PSYoungGen      total 74240K, used 64000K [0x000000076df00000, 0x0000000773180000, 0x00000007c0000000)
  eden space 64000K, 100% used [0x000000076df00000,0x0000000771d80000,0x0000000771d80000)
  from space 10240K, 0% used [0x0000000772780000,0x0000000772780000,0x0000000773180000)
  to   space 10240K, 0% used [0x0000000771d80000,0x0000000771d80000,0x0000000772780000)
 ParOldGen       total 169472K, used 0K [0x00000006c9c00000, 0x00000006d4180000, 0x000000076df00000)
  object space 169472K, 0% used [0x00000006c9c00000,0x00000006c9c00000,0x00000006d4180000)
 Metaspace       used 12755K, capacity 13348K, committed 13568K, reserved 1060864K
  class space    used 1584K, capacity 1732K, committed 1792K, reserved 1048576K
Event: 0.814 GC heap after
Heap after GC invocations=1 (full 0):
 PSYoungGen      total 74240K, used 6342K [0x000000076df00000, 0x0000000777000000, 0x00000007c0000000)
  eden space 64000K, 0% used [0x000000076df00000,0x000000076df00000,0x0000000771d80000)
  from space 10240K, 61% used [0x0000000771d80000,0x00000007723b1a08,0x0000000772780000)
  to   space 10240K, 0% used [0x0000000776600000,0x0000000776600000,0x0000000777000000)
 ParOldGen       total 169472K, used 16K [0x00000006c9c00000, 0x00000006d4180000, 0x000000076df00000)
  object space 169472K, 0% used [0x00000006c9c00000,0x00000006c9c04000,0x00000006d4180000)
 Metaspace       used 12755K, capacity 13348K, committed 13568K, reserved 1060864K
  class space    used 1584K, capacity 1732K, committed 1792K, reserved 1048576K
}
Event: 1.120 GC heap before
{Heap before GC invocations=2 (full 0):
 PSYoungGen      total 74240K, used 70342K [0x000000076df00000, 0x0000000777000000, 0x00000007c0000000)
  eden space 64000K, 100% used [0x000000076df00000,0x0000000771d80000,0x0000000771d80000)
  from space 10240K, 61% used [0x0000000771d80000,0x00000007723b1a08,0x0000000772780000)
  to   space 10240K, 0% used [0x0000000776600000,0x0000000776600000,0x0000000777000000)
 ParOldGen       total 169472K, used 16K [0x00000006c9c00000, 0x00000006d4180000, 0x000000076df00000)
  object space 169472K, 0% used [0x00000006c9c00000,0x00000006c9c04000,0x00000006d4180000)
 Metaspace       used 18271K, capacity 19098K, committed 19200K, reserved 1067008K
  class space    used 2304K, capacity 2495K, committed 2560K, reserved 1048576K
Event: 1.129 GC heap after
Heap after GC invocations=2 (full 0):
 PSYoungGen      total 138240K, used 9425K [0x000000076df00000, 0x0000000777000000, 0x00000007c0000000)
  eden space 128000K, 0% used [0x000000076df00000,0x000000076df00000,0x0000000775c00000)
  from space 10240K, 92% used [0x0000000776600000,0x0000000776f344b8,0x0000000777000000)
  to   space 10240K, 0% used [0x0000000775c00000,0x0000000775c00000,0x0000000776600000)
 ParOldGen       total 169472K, used 24K [0x00000006c9c00000, 0x00000006d4180000, 0x000000076df00000)
  object space 169472K, 0% used [0x00000006c9c00000,0x00000006c9c06000,0x00000006d4180000)
 Metaspace       used 18271K, capacity 19098K, committed 19200K, reserved 1067008K
  class space    used 2304K, capacity 2495K, committed 2560K, reserved 1048576K
}
Event: 19.166 GC heap before
{Heap before GC invocations=3 (full 0):
 PSYoungGen      total 138240K, used 46930K [0x000000076df00000, 0x0000000777000000, 0x00000007c0000000)
  eden space 128000K, 29% used [0x000000076df00000,0x00000007703a03e0,0x0000000775c00000)
  from space 10240K, 92% used [0x0000000776600000,0x0000000776f344b8,0x0000000777000000)
  to   space 10240K, 0% used [0x0000000775c00000,0x0000000775c00000,0x0000000776600000)
 ParOldGen       total 169472K, used 24K [0x00000006c9c00000, 0x00000006d4180000, 0x000000076df00000)
  object space 169472K, 0% used [0x00000006c9c00000,0x00000006c9c06000,0x00000006d4180000)
 Metaspace       used 20239K, capacity 21246K, committed 21296K, reserved 1069056K
  class space    used 2579K, capacity 2803K, committed 2816K, reserved 1048576K
Event: 19.173 GC heap after
Heap after GC invocations=3 (full 0):
 PSYoungGen      total 138240K, used 7253K [0x000000076df00000, 0x000000077ed00000, 0x00000007c0000000)
  eden space 128000K, 0% used [0x000000076df00000,0x000000076df00000,0x0000000775c00000)
  from space 10240K, 70% used [0x0000000775c00000,0x0000000776315448,0x0000000776600000)
  to   space 10240K, 0% used [0x000000077e300000,0x000000077e300000,0x000000077ed00000)
 ParOldGen       total 169472K, used 40K [0x00000006c9c00000, 0x00000006d4180000, 0x000000076df00000)
  object space 169472K, 0% used [0x00000006c9c00000,0x00000006c9c0a000,0x00000006d4180000)
 Metaspace       used 20239K, capacity 21246K, committed 21296K, reserved 1069056K
  class space    used 2579K, capacity 2803K, committed 2816K, reserved 1048576K
}
Event: 19.173 GC heap before
{Heap before GC invocations=4 (full 1):
 PSYoungGen      total 138240K, used 7253K [0x000000076df00000, 0x000000077ed00000, 0x00000007c0000000)
  eden space 128000K, 0% used [0x000000076df00000,0x000000076df00000,0x0000000775c00000)
  from space 10240K, 70% used [0x0000000775c00000,0x0000000776315448,0x0000000776600000)
  to   space 10240K, 0% used [0x000000077e300000,0x000000077e300000,0x000000077ed00000)
 ParOldGen       total 169472K, used 40K [0x00000006c9c00000, 0x00000006d4180000, 0x000000076df00000)
  object space 169472K, 0% used [0x00000006c9c00000,0x00000006c9c0a000,0x00000006d4180000)
 Metaspace       used 20239K, capacity 21246K, committed 21296K, reserved 1069056K
  class space    used 2579K, capacity 2803K, committed 2816K, reserved 1048576K
Event: 19.198 GC heap after
Heap after GC invocations=4 (full 1):
 PSYoungGen      total 138240K, used 0K [0x000000076df00000, 0x000000077ed00000, 0x00000007c0000000)
  eden space 128000K, 0% used [0x000000076df00000,0x000000076df00000,0x0000000775c00000)
  from space 10240K, 0% used [0x0000000775c00000,0x0000000775c00000,0x0000000776600000)
  to   space 10240K, 0% used [0x000000077e300000,0x000000077e300000,0x000000077ed00000)
 ParOldGen       total 76800K, used 7018K [0x00000006c9c00000, 0x00000006ce700000, 0x000000076df00000)
  object space 76800K, 9% used [0x00000006c9c00000,0x00000006ca2daaf0,0x00000006ce700000)
 Metaspace       used 20239K, capacity 21246K, committed 21296K, reserved 1069056K
  class space    used 2579K, capacity 2803K, committed 2816K, reserved 1048576K
}

