# JRE version: OpenJDK Runtime Environment (8.0_212-b01) (build 1.8.0_212-8u212-b01-1~deb9u1-b01)
# Java VM: OpenJDK 64-Bit Server VM (25.212-b01 mixed mode linux-amd64 compressed oops)
Heap:
 PSYoungGen      total 121344K, used 9270K [0x000000076df00000, 0x0000000776c80000, 0x00000007c0000000)
  eden space 114688K, 2% used [0x000000076df00000,0x000000076e18f4f0,0x0000000774f00000)
  from space 6656K, 99% used [0x0000000776600000,0x0000000776c7e350,0x0000000776c80000)
  to   space 10240K, 0% used [0x0000000775880000,0x0000000775880000,0x0000000776280000)
 ParOldGen       total 83968K, used 7095K [0x00000006c9c00000, 0x00000006cee00000, 0x000000076df00000)
  object space 83968K, 8% used [0x00000006c9c00000,0x00000006ca2edd90,0x00000006cee00000)
 Metaspace       used 25066K, capacity 26712K, committed 26880K, reserved 1073152K
  class space    used 3212K, capacity 3536K, committed 3584K, reserved 1048576K
GC Heap History (10 events):
Event: 1.502 GC heap before
{Heap before GC invocations=1 (full 0):
 PSYoungGen      total 74240K, used 64000K [0x000000076df00000, 0x0000000773180000, 0x00000007c0000000)
  eden space 64000K, 100% used [0x000000076df00000,0x0000000771d80000,0x0000000771d80000)
  from space 10240K, 0% used [0x0000000772780000,0x0000000772780000,0x0000000773180000)
  to   space 10240K, 0% used [0x0000000771d80000,0x0000000771d80000,0x0000000772780000)
 ParOldGen       total 169472K, used 0K [0x00000006c9c00000, 0x00000006d4180000, 0x000000076df00000)
  object space 169472K, 0% used [0x00000006c9c00000,0x00000006c9c00000,0x00000006d4180000)
 Metaspace       used 12759K, capacity 13348K, committed 13568K, reserved 1060864K
  class space    used 1584K, capacity 1732K, committed 1792K, reserved 1048576K
Event: 1.514 GC heap after
Heap after GC invocations=1 (full 0):
 PSYoungGen      total 74240K, used 6391K [0x000000076df00000, 0x0000000773180000, 0x00000007c0000000)
  eden space 64000K, 0% used [0x000000076df00000,0x000000076df00000,0x0000000771d80000)
  from space 10240K, 62% used [0x0000000771d80000,0x00000007723bdd40,0x0000000772780000)
  to   space 10240K, 0% used [0x0000000772780000,0x0000000772780000,0x0000000773180000)
 ParOldGen       total 169472K, used 16K [0x00000006c9c00000, 0x00000006d4180000, 0x000000076df00000)
  object space 169472K, 0% used [0x00000006c9c00000,0x00000006c9c04000,0x00000006d4180000)
 Metaspace       used 12759K, capacity 13348K, committed 13568K, reserved 1060864K
  class space    used 1584K, capacity 1732K, committed 1792K, reserved 1048576K
}
Event: 2.068 GC heap before
{Heap before GC invocations=2 (full 0):
 PSYoungGen      total 74240K, used 70391K [0x000000076df00000, 0x0000000773180000, 0x00000007c0000000)
  eden space 64000K, 100% used [0x000000076df00000,0x0000000771d80000,0x0000000771d80000)
  from space 10240K, 62% used [0x0000000771d80000,0x00000007723bdd40,0x0000000772780000)
  to   space 10240K, 0% used [0x0000000772780000,0x0000000772780000,0x0000000773180000)
 ParOldGen       total 169472K, used 16K [0x00000006c9c00000, 0x00000006d4180000, 0x000000076df00000)
  object space 169472K, 0% used [0x00000006c9c00000,0x00000006c9c04000,0x00000006d4180000)
 Metaspace       used 18601K, capacity 19490K, committed 19712K, reserved 1067008K
  class space    used 2338K, capacity 2535K, committed 2560K, reserved 1048576K
Event: 2.086 GC heap after
Heap after GC invocations=2 (full 0):
 PSYoungGen      total 74240K, used 9379K [0x000000076df00000, 0x0000000777000000, 0x00000007c0000000)
  eden space 64000K, 0% used [0x000000076df00000,0x000000076df00000,0x0000000771d80000)
  from space 10240K, 91% used [0x0000000772780000,0x00000007730a8ef8,0x0000000773180000)
  to   space 10240K, 0% used [0x0000000771d80000,0x0000000771d80000,0x0000000772780000)
 ParOldGen       total 169472K, used 24K [0x00000006c9c00000, 0x00000006d4180000, 0x000000076df00000)
  object space 169472K, 0% used [0x00000006c9c00000,0x00000006c9c06000,0x00000006d4180000)
 Metaspace       used 18601K, capacity 19490K, committed 19712K, reserved 1067008K
  class space    used 2338K, capacity 2535K, committed 2560K, reserved 1048576K
}
Event: 9.215 GC heap before
{Heap before GC invocations=3 (full 0):
 PSYoungGen      total 74240K, used 44188K [0x000000076df00000, 0x0000000777000000, 0x00000007c0000000)
  eden space 64000K, 54% used [0x000000076df00000,0x00000007700fe380,0x0000000771d80000)
  from space 10240K, 91% used [0x0000000772780000,0x00000007730a8ef8,0x0000000773180000)
  to   space 10240K, 0% used [0x0000000771d80000,0x0000000771d80000,0x0000000772780000)
 ParOldGen       total 169472K, used 24K [0x00000006c9c00000, 0x00000006d4180000, 0x000000076df00000)
  object space 169472K, 0% used [0x00000006c9c00000,0x00000006c9c06000,0x00000006d4180000)
 Metaspace       used 20244K, capacity 21254K, committed 21296K, reserved 1069056K
  class space    used 2581K, capacity 2803K, committed 2816K, reserved 1048576K
Event: 9.221 GC heap after
Heap after GC invocations=3 (full 0):
 PSYoungGen      total 74240K, used 7433K [0x000000076df00000, 0x0000000777000000, 0x00000007c0000000)
  eden space 64000K, 0% used [0x000000076df00000,0x000000076df00000,0x0000000771d80000)
  from space 10240K, 72% used [0x0000000771d80000,0x00000007724c2548,0x0000000772780000)
  to   space 10240K, 0% used [0x0000000776600000,0x0000000776600000,0x0000000777000000)
 ParOldGen       total 169472K, used 32K [0x00000006c9c00000, 0x00000006d4180000, 0x000000076df00000)
  object space 169472K, 0% used [0x00000006c9c00000,0x00000006c9c08000,0x00000006d4180000)
 Metaspace       used 20244K, capacity 21254K, committed 21296K, reserved 1069056K
  class space    used 2581K, capacity 2803K, committed 2816K, reserved 1048576K
}
Event: 9.221 GC heap before
{Heap before GC invocations=4 (full 1):
 PSYoungGen      total 74240K, used 7433K [0x000000076df00000, 0x0000000777000000, 0x00000007c0000000)
  eden space 64000K, 0% used [0x000000076df00000,0x000000076df00000,0x0000000771d80000)
  from space 10240K, 72% used [0x0000000771d80000,0x00000007724c2548,0x0000000772780000)
  to   space 10240K, 0% used [0x0000000776600000,0x0000000776600000,0x0000000777000000)
 ParOldGen       total 169472K, used 32K [0x00000006c9c00000, 0x00000006d4180000, 0x000000076df00000)
  object space 169472K, 0% used [0x00000006c9c00000,0x00000006c9c08000,0x00000006d4180000)
 Metaspace       used 20244K, capacity 21254K, committed 21296K, reserved 1069056K
  class space    used 2581K, capacity 2803K, committed 2816K, reserved 1048576K
Event: 9.251 GC heap after
Heap after GC invocations=4 (full 1):
 PSYoungGen      total 74240K, used 0K [0x000000076df00000, 0x0000000777000000, 0x00000007c0000000)
  eden space 64000K, 0% used [0x000000076df00000,0x000000076df00000,0x0000000771d80000)
  from space 10240K, 0% used [0x0000000771d80000,0x0000000771d80000,0x0000000772780000)
  to   space 10240K, 0% used [0x0000000776600000,0x0000000776600000,0x0000000777000000)
 ParOldGen       total 83968K, used 7087K [0x00000006c9c00000, 0x00000006cee00000, 0x000000076df00000)
  object space 83968K, 8% used [0x00000006c9c00000,0x00000006ca2ebd90,0x00000006cee00000)
 Metaspace       used 20244K, capacity 21254K, committed 21296K, reserved 1069056K
  class space    used 2581K, capacity 2803K, committed 2816K, reserved 1048576K
}
Event: 9.577 GC heap before
{Heap before GC invocations=5 (full 1):
 PSYoungGen      total 74240K, used 64000K [0x000000076df00000, 0x0000000777000000, 0x00000007c0000000)
  eden space 64000K, 100% used [0x000000076df00000,0x0000000771d80000,0x0000000771d80000)
  from space 10240K, 0% used [0x0000000771d80000,0x0000000771d80000,0x0000000772780000)
  to   space 10240K, 0% used [0x0000000776600000,0x0000000776600000,0x0000000777000000)
 ParOldGen       total 83968K, used 7087K [0x00000006c9c00000, 0x00000006cee00000, 0x000000076df00000)
  object space 83968K, 8% used [0x00000006c9c00000,0x00000006ca2ebd90,0x00000006cee00000)
 Metaspace       used 25005K, capacity 26616K, committed 26880K, reserved 1073152K
  class space    used 3199K, capacity 3504K, committed 3584K, reserved 1048576K
Event: 9.581 GC heap after
Heap after GC invocations=5 (full 1):
 PSYoungGen      total 121344K, used 6648K [0x000000076df00000, 0x0000000776c80000, 0x00000007c0000000)
  eden space 114688K, 0% used [0x000000076df00000,0x000000076df00000,0x0000000774f00000)
  from space 6656K, 99% used [0x0000000776600000,0x0000000776c7e350,0x0000000776c80000)
  to   space 10240K, 0% used [0x0000000775880000,0x0000000775880000,0x0000000776280000)
 ParOldGen       total 83968K, used 7095K [0x00000006c9c00000, 0x00000006cee00000, 0x000000076df00000)
  object space 83968K, 8% used [0x00000006c9c00000,0x00000006ca2edd90,0x00000006cee00000)
 Metaspace       used 25005K, capacity 26616K, committed 26880K, reserved 1073152K
  class space    used 3199K, capacity 3504K, committed 3584K, reserved 1048576K
}

