# JRE version: OpenJDK Runtime Environment (8.0_212-b01) (build 1.8.0_212-8u212-b01-1~deb9u1-b01)
# Java VM: OpenJDK 64-Bit Server VM (25.212-b01 mixed mode linux-amd64 compressed oops)
Heap:
 PSYoungGen      total 74240K, used 9397K [0x000000076df00000, 0x0000000776480000, 0x00000007c0000000)
  eden space 64000K, 4% used [0x000000076df00000,0x000000076e1b4da8,0x0000000771d80000)
  from space 10240K, 64% used [0x0000000772780000,0x0000000772df87c8,0x0000000773180000)
  to   space 10240K, 0% used [0x0000000771d80000,0x0000000771d80000,0x0000000772780000)
 ParOldGen       total 82944K, used 7095K [0x00000006c9c00000, 0x00000006ced00000, 0x000000076df00000)
  object space 82944K, 8% used [0x00000006c9c00000,0x00000006ca2edf40,0x00000006ced00000)
 Metaspace       used 25065K, capacity 26704K, committed 26880K, reserved 1073152K
  class space    used 3211K, capacity 3536K, committed 3584K, reserved 1048576K
GC Heap History (10 events):
Event: 1.810 GC heap before
{Heap before GC invocations=1 (full 0):
 PSYoungGen      total 74240K, used 64000K [0x000000076df00000, 0x0000000773180000, 0x00000007c0000000)
  eden space 64000K, 100% used [0x000000076df00000,0x0000000771d80000,0x0000000771d80000)
  from space 10240K, 0% used [0x0000000772780000,0x0000000772780000,0x0000000773180000)
  to   space 10240K, 0% used [0x0000000771d80000,0x0000000771d80000,0x0000000772780000)
 ParOldGen       total 169472K, used 0K [0x00000006c9c00000, 0x00000006d4180000, 0x000000076df00000)
  object space 169472K, 0% used [0x00000006c9c00000,0x00000006c9c00000,0x00000006d4180000)
 Metaspace       used 12766K, capacity 13348K, committed 13568K, reserved 1060864K
  class space    used 1584K, capacity 1732K, committed 1792K, reserved 1048576K
Event: 1.823 GC heap after
Heap after GC invocations=1 (full 0):
 PSYoungGen      total 74240K, used 6310K [0x000000076df00000, 0x0000000773180000, 0x00000007c0000000)
  eden space 64000K, 0% used [0x000000076df00000,0x000000076df00000,0x0000000771d80000)
  from space 10240K, 61% used [0x0000000771d80000,0x00000007723a9978,0x0000000772780000)
  to   space 10240K, 0% used [0x0000000772780000,0x0000000772780000,0x0000000773180000)
 ParOldGen       total 169472K, used 16K [0x00000006c9c00000, 0x00000006d4180000, 0x000000076df00000)
  object space 169472K, 0% used [0x00000006c9c00000,0x00000006c9c04000,0x00000006d4180000)
 Metaspace       used 12766K, capacity 13348K, committed 13568K, reserved 1060864K
  class space    used 1584K, capacity 1732K, committed 1792K, reserved 1048576K
}
Event: 2.283 GC heap before
{Heap before GC invocations=2 (full 0):
 PSYoungGen      total 74240K, used 70310K [0x000000076df00000, 0x0000000773180000, 0x00000007c0000000)
  eden space 64000K, 100% used [0x000000076df00000,0x0000000771d80000,0x0000000771d80000)
  from space 10240K, 61% used [0x0000000771d80000,0x00000007723a9978,0x0000000772780000)
  to   space 10240K, 0% used [0x0000000772780000,0x0000000772780000,0x0000000773180000)
 ParOldGen       total 169472K, used 16K [0x00000006c9c00000, 0x00000006d4180000, 0x000000076df00000)
  object space 169472K, 0% used [0x00000006c9c00000,0x00000006c9c04000,0x00000006d4180000)
 Metaspace       used 18711K, capacity 19586K, committed 19840K, reserved 1067008K
  class space    used 2352K, capacity 2567K, committed 2688K, reserved 1048576K
Event: 2.294 GC heap after
Heap after GC invocations=2 (full 0):
 PSYoungGen      total 74240K, used 9501K [0x000000076df00000, 0x0000000777000000, 0x00000007c0000000)
  eden space 64000K, 0% used [0x000000076df00000,0x000000076df00000,0x0000000771d80000)
  from space 10240K, 92% used [0x0000000772780000,0x00000007730c75a8,0x0000000773180000)
  to   space 10240K, 0% used [0x0000000771d80000,0x0000000771d80000,0x0000000772780000)
 ParOldGen       total 169472K, used 24K [0x00000006c9c00000, 0x00000006d4180000, 0x000000076df00000)
  object space 169472K, 0% used [0x00000006c9c00000,0x00000006c9c06000,0x00000006d4180000)
 Metaspace       used 18711K, capacity 19586K, committed 19840K, reserved 1067008K
  class space    used 2352K, capacity 2567K, committed 2688K, reserved 1048576K
}
Event: 11.118 GC heap before
{Heap before GC invocations=3 (full 0):
 PSYoungGen      total 74240K, used 43818K [0x000000076df00000, 0x0000000777000000, 0x00000007c0000000)
  eden space 64000K, 53% used [0x000000076df00000,0x00000007700832b8,0x0000000771d80000)
  from space 10240K, 92% used [0x0000000772780000,0x00000007730c75a8,0x0000000773180000)
  to   space 10240K, 0% used [0x0000000771d80000,0x0000000771d80000,0x0000000772780000)
 ParOldGen       total 169472K, used 24K [0x00000006c9c00000, 0x00000006d4180000, 0x000000076df00000)
  object space 169472K, 0% used [0x00000006c9c00000,0x00000006c9c06000,0x00000006d4180000)
 Metaspace       used 20251K, capacity 21246K, committed 21296K, reserved 1069056K
  class space    used 2581K, capacity 2803K, committed 2816K, reserved 1048576K
Event: 11.123 GC heap after
Heap after GC invocations=3 (full 0):
 PSYoungGen      total 74240K, used 7383K [0x000000076df00000, 0x0000000773180000, 0x00000007c0000000)
  eden space 64000K, 0% used [0x000000076df00000,0x000000076df00000,0x0000000771d80000)
  from space 10240K, 72% used [0x0000000771d80000,0x00000007724b5c20,0x0000000772780000)
  to   space 10240K, 0% used [0x0000000772780000,0x0000000772780000,0x0000000773180000)
 ParOldGen       total 169472K, used 32K [0x00000006c9c00000, 0x00000006d4180000, 0x000000076df00000)
  object space 169472K, 0% used [0x00000006c9c00000,0x00000006c9c08000,0x00000006d4180000)
 Metaspace       used 20251K, capacity 21246K, committed 21296K, reserved 1069056K
  class space    used 2581K, capacity 2803K, committed 2816K, reserved 1048576K
}
Event: 11.123 GC heap before
{Heap before GC invocations=4 (full 1):
 PSYoungGen      total 74240K, used 7383K [0x000000076df00000, 0x0000000773180000, 0x00000007c0000000)
  eden space 64000K, 0% used [0x000000076df00000,0x000000076df00000,0x0000000771d80000)
  from space 10240K, 72% used [0x0000000771d80000,0x00000007724b5c20,0x0000000772780000)
  to   space 10240K, 0% used [0x0000000772780000,0x0000000772780000,0x0000000773180000)
 ParOldGen       total 169472K, used 32K [0x00000006c9c00000, 0x00000006d4180000, 0x000000076df00000)
  object space 169472K, 0% used [0x00000006c9c00000,0x00000006c9c08000,0x00000006d4180000)
 Metaspace       used 20251K, capacity 21246K, committed 21296K, reserved 1069056K
  class space    used 2581K, capacity 2803K, committed 2816K, reserved 1048576K
Event: 11.147 GC heap after
Heap after GC invocations=4 (full 1):
 PSYoungGen      total 74240K, used 0K [0x000000076df00000, 0x0000000773180000, 0x00000007c0000000)
  eden space 64000K, 0% used [0x000000076df00000,0x000000076df00000,0x0000000771d80000)
  from space 10240K, 0% used [0x0000000771d80000,0x0000000771d80000,0x0000000772780000)
  to   space 10240K, 0% used [0x0000000772780000,0x0000000772780000,0x0000000773180000)
 ParOldGen       total 82944K, used 7087K [0x00000006c9c00000, 0x00000006ced00000, 0x000000076df00000)
  object space 82944K, 8% used [0x00000006c9c00000,0x00000006ca2ebf40,0x00000006ced00000)
 Metaspace       used 20251K, capacity 21246K, committed 21296K, reserved 1069056K
  class space    used 2581K, capacity 2803K, committed 2816K, reserved 1048576K
}
Event: 11.527 GC heap before
{Heap before GC invocations=5 (full 1):
 PSYoungGen      total 74240K, used 64000K [0x000000076df00000, 0x0000000773180000, 0x00000007c0000000)
  eden space 64000K, 100% used [0x000000076df00000,0x0000000771d80000,0x0000000771d80000)
  from space 10240K, 0% used [0x0000000771d80000,0x0000000771d80000,0x0000000772780000)
  to   space 10240K, 0% used [0x0000000772780000,0x0000000772780000,0x0000000773180000)
 ParOldGen       total 82944K, used 7087K [0x00000006c9c00000, 0x00000006ced00000, 0x000000076df00000)
  object space 82944K, 8% used [0x00000006c9c00000,0x00000006ca2ebf40,0x00000006ced00000)
 Metaspace       used 24993K, capacity 26608K, committed 26880K, reserved 1073152K
  class space    used 3196K, capacity 3504K, committed 3584K, reserved 1048576K
Event: 11.530 GC heap after
Heap after GC invocations=5 (full 1):
 PSYoungGen      total 74240K, used 6625K [0x000000076df00000, 0x0000000776480000, 0x00000007c0000000)
  eden space 64000K, 0% used [0x000000076df00000,0x000000076df00000,0x0000000771d80000)
  from space 10240K, 64% used [0x0000000772780000,0x0000000772df87c8,0x0000000773180000)
  to   space 10240K, 0% used [0x0000000771d80000,0x0000000771d80000,0x0000000772780000)
 ParOldGen       total 82944K, used 7095K [0x00000006c9c00000, 0x00000006ced00000, 0x000000076df00000)
  object space 82944K, 8% used [0x00000006c9c00000,0x00000006ca2edf40,0x00000006ced00000)
 Metaspace       used 24993K, capacity 26608K, committed 26880K, reserved 1073152K
  class space    used 3196K, capacity 3504K, committed 3584K, reserved 1048576K
}

