# JRE version: OpenJDK Runtime Environment (8.0_212-b01) (build 1.8.0_212-8u212-b01-1~deb9u1-b01)
# Java VM: OpenJDK 64-Bit Server VM (25.212-b01 mixed mode linux-amd64 compressed oops)
Heap:
 PSYoungGen      total 137216K, used 10005K [0x000000076df00000, 0x0000000776f80000, 0x00000007c0000000)
  eden space 127488K, 2% used [0x000000076df00000,0x000000076e222958,0x0000000775b80000)
  from space 9728K, 69% used [0x0000000776600000,0x0000000776ca2af8,0x0000000776f80000)
  to   space 10240K, 0% used [0x0000000775b80000,0x0000000775b80000,0x0000000776580000)
 ParOldGen       total 72192K, used 6893K [0x00000006c9c00000, 0x00000006ce280000, 0x000000076df00000)
  object space 72192K, 9% used [0x00000006c9c00000,0x00000006ca2bb700,0x00000006ce280000)
 Metaspace       used 25094K, capacity 26704K, committed 26880K, reserved 1073152K
  class space    used 3212K, capacity 3536K, committed 3584K, reserved 1048576K
GC Heap History (10 events):
Event: 0.764 GC heap before
{Heap before GC invocations=1 (full 0):
 PSYoungGen      total 74240K, used 64000K [0x000000076df00000, 0x0000000773180000, 0x00000007c0000000)
  eden space 64000K, 100% used [0x000000076df00000,0x0000000771d80000,0x0000000771d80000)
  from space 10240K, 0% used [0x0000000772780000,0x0000000772780000,0x0000000773180000)
  to   space 10240K, 0% used [0x0000000771d80000,0x0000000771d80000,0x0000000772780000)
 ParOldGen       total 169472K, used 0K [0x00000006c9c00000, 0x00000006d4180000, 0x000000076df00000)
  object space 169472K, 0% used [0x00000006c9c00000,0x00000006c9c00000,0x00000006d4180000)
 Metaspace       used 12759K, capacity 13348K, committed 13568K, reserved 1060864K
  class space    used 1582K, capacity 1732K, committed 1792K, reserved 1048576K
Event: 0.770 GC heap after
Heap after GC invocations=1 (full 0):
 PSYoungGen      total 74240K, used 6310K [0x000000076df00000, 0x0000000773180000, 0x00000007c0000000)
  eden space 64000K, 0% used [0x000000076df00000,0x000000076df00000,0x0000000771d80000)
  from space 10240K, 61% used [0x0000000771d80000,0x00000007723a9978,0x0000000772780000)
  to   space 10240K, 0% used [0x0000000772780000,0x0000000772780000,0x0000000773180000)
 ParOldGen       total 169472K, used 16K [0x00000006c9c00000, 0x00000006d4180000, 0x000000076df00000)
  object space 169472K, 0% used [0x00000006c9c00000,0x00000006c9c04000,0x00000006d4180000)
 Metaspace       used 12759K, capacity 13348K, committed 13568K, reserved 1060864K
  class space    used 1582K, capacity 1732K, committed 1792K, reserved 1048576K
}
Event: 1.115 GC heap before
{Heap before GC invocations=2 (full 0):
 PSYoungGen      total 74240K, used 70310K [0x000000076df00000, 0x0000000773180000, 0x00000007c0000000)
  eden space 64000K, 100% used [0x000000076df00000,0x0000000771d80000,0x0000000771d80000)
  from space 10240K, 61% used [0x0000000771d80000,0x00000007723a9978,0x0000000772780000)
  to   space 10240K, 0% used [0x0000000772780000,0x0000000772780000,0x0000000773180000)
 ParOldGen       total 169472K, used 16K [0x00000006c9c00000, 0x00000006d4180000, 0x000000076df00000)
  object space 169472K, 0% used [0x00000006c9c00000,0x00000006c9c04000,0x00000006d4180000)
 Metaspace       used 18347K, capacity 19178K, committed 19456K, reserved 1067008K
  class space    used 2314K, capacity 2503K, committed 2560K, reserved 1048576K
Event: 1.129 GC heap after
Heap after GC invocations=2 (full 0):
 PSYoungGen      total 74240K, used 9750K [0x000000076df00000, 0x0000000777000000, 0x00000007c0000000)
  eden space 64000K, 0% used [0x000000076df00000,0x000000076df00000,0x0000000771d80000)
  from space 10240K, 95% used [0x0000000772780000,0x00000007731058c8,0x0000000773180000)
  to   space 10240K, 0% used [0x0000000771d80000,0x0000000771d80000,0x0000000772780000)
 ParOldGen       total 169472K, used 24K [0x00000006c9c00000, 0x00000006d4180000, 0x000000076df00000)
  object space 169472K, 0% used [0x00000006c9c00000,0x00000006c9c06000,0x00000006d4180000)
 Metaspace       used 18347K, capacity 19178K, committed 19456K, reserved 1067008K
  class space    used 2314K, capacity 2503K, committed 2560K, reserved 1048576K
}
Event: 281.990 GC heap before
{Heap before GC invocations=3 (full 0):
 PSYoungGen      total 74240K, used 45208K [0x000000076df00000, 0x0000000777000000, 0x00000007c0000000)
  eden space 64000K, 55% used [0x000000076df00000,0x00000007701a0930,0x0000000771d80000)
  from space 10240K, 95% used [0x0000000772780000,0x00000007731058c8,0x0000000773180000)
  to   space 10240K, 0% used [0x0000000771d80000,0x0000000771d80000,0x0000000772780000)
 ParOldGen       total 169472K, used 24K [0x00000006c9c00000, 0x00000006d4180000, 0x000000076df00000)
  object space 169472K, 0% used [0x00000006c9c00000,0x00000006c9c06000,0x00000006d4180000)
 Metaspace       used 20189K, capacity 21222K, committed 21248K, reserved 1067008K
  class space    used 2573K, capacity 2799K, committed 2816K, reserved 1048576K
Event: 281.998 GC heap after
Heap after GC invocations=3 (full 0):
 PSYoungGen      total 74240K, used 7170K [0x000000076df00000, 0x0000000777000000, 0x00000007c0000000)
  eden space 64000K, 0% used [0x000000076df00000,0x000000076df00000,0x0000000771d80000)
  from space 10240K, 70% used [0x0000000771d80000,0x0000000772480a10,0x0000000772780000)
  to   space 10240K, 0% used [0x0000000776600000,0x0000000776600000,0x0000000777000000)
 ParOldGen       total 169472K, used 32K [0x00000006c9c00000, 0x00000006d4180000, 0x000000076df00000)
  object space 169472K, 0% used [0x00000006c9c00000,0x00000006c9c08000,0x00000006d4180000)
 Metaspace       used 20189K, capacity 21222K, committed 21248K, reserved 1067008K
  class space    used 2573K, capacity 2799K, committed 2816K, reserved 1048576K
}
Event: 281.998 GC heap before
{Heap before GC invocations=4 (full 1):
 PSYoungGen      total 74240K, used 7170K [0x000000076df00000, 0x0000000777000000, 0x00000007c0000000)
  eden space 64000K, 0% used [0x000000076df00000,0x000000076df00000,0x0000000771d80000)
  from space 10240K, 70% used [0x0000000771d80000,0x0000000772480a10,0x0000000772780000)
  to   space 10240K, 0% used [0x0000000776600000,0x0000000776600000,0x0000000777000000)
 ParOldGen       total 169472K, used 32K [0x00000006c9c00000, 0x00000006d4180000, 0x000000076df00000)
  object space 169472K, 0% used [0x00000006c9c00000,0x00000006c9c08000,0x00000006d4180000)
 Metaspace       used 20189K, capacity 21222K, committed 21248K, reserved 1067008K
  class space    used 2573K, capacity 2799K, committed 2816K, reserved 1048576K
Event: 282.033 GC heap after
Heap after GC invocations=4 (full 1):
 PSYoungGen      total 74240K, used 0K [0x000000076df00000, 0x0000000777000000, 0x00000007c0000000)
  eden space 64000K, 0% used [0x000000076df00000,0x000000076df00000,0x0000000771d80000)
  from space 10240K, 0% used [0x0000000771d80000,0x0000000771d80000,0x0000000772780000)
  to   space 10240K, 0% used [0x0000000776600000,0x0000000776600000,0x0000000777000000)
 ParOldGen       total 72192K, used 6885K [0x00000006c9c00000, 0x00000006ce280000, 0x000000076df00000)
  object space 72192K, 9% used [0x00000006c9c00000,0x00000006ca2b9700,0x00000006ce280000)
 Metaspace       used 20187K, capacity 21216K, committed 21248K, reserved 1067008K
  class space    used 2572K, capacity 2798K, committed 2816K, reserved 1048576K
}
Event: 282.365 GC heap before
{Heap before GC invocations=5 (full 1):
 PSYoungGen      total 74240K, used 64000K [0x000000076df00000, 0x0000000777000000, 0x00000007c0000000)
  eden space 64000K, 100% used [0x000000076df00000,0x0000000771d80000,0x0000000771d80000)
  from space 10240K, 0% used [0x0000000771d80000,0x0000000771d80000,0x0000000772780000)
  to   space 10240K, 0% used [0x0000000776600000,0x0000000776600000,0x0000000777000000)
 ParOldGen       total 72192K, used 6885K [0x00000006c9c00000, 0x00000006ce280000, 0x000000076df00000)
  object space 72192K, 9% used [0x00000006c9c00000,0x00000006ca2b9700,0x00000006ce280000)
 Metaspace       used 24979K, capacity 26608K, committed 26880K, reserved 1073152K
  class space    used 3193K, capacity 3504K, committed 3584K, reserved 1048576K
Event: 282.369 GC heap after
Heap after GC invocations=5 (full 1):
 PSYoungGen      total 137216K, used 6794K [0x000000076df00000, 0x0000000776f80000, 0x00000007c0000000)
  eden space 127488K, 0% used [0x000000076df00000,0x000000076df00000,0x0000000775b80000)
  from space 9728K, 69% used [0x0000000776600000,0x0000000776ca2af8,0x0000000776f80000)
  to   space 10240K, 0% used [0x0000000775b80000,0x0000000775b80000,0x0000000776580000)
 ParOldGen       total 72192K, used 6893K [0x00000006c9c00000, 0x00000006ce280000, 0x000000076df00000)
  object space 72192K, 9% used [0x00000006c9c00000,0x00000006ca2bb700,0x00000006ce280000)
 Metaspace       used 24979K, capacity 26608K, committed 26880K, reserved 1073152K
  class space    used 3193K, capacity 3504K, committed 3584K, reserved 1048576K
}

